f:\projects\university\3 курс (2021-2022)\1 семестър\практикум оп\курсова задача\cw\cw\debug\cw.pch
f:\projects\university\3 курс (2021-2022)\1 семестър\практикум оп\курсова задача\cw\cw\debug\vc142.pdb
f:\projects\university\3 курс (2021-2022)\1 семестър\практикум оп\курсова задача\cw\cw\debug\vc142.idb
f:\projects\university\3 курс (2021-2022)\1 семестър\практикум оп\курсова задача\cw\cw\debug\pch.obj
f:\projects\university\3 курс (2021-2022)\1 семестър\практикум оп\курсова задача\cw\cw\debug\cwview.obj
f:\projects\university\3 курс (2021-2022)\1 семестър\практикум оп\курсова задача\cw\cw\debug\cwdoc.obj
f:\projects\university\3 курс (2021-2022)\1 семестър\практикум оп\курсова задача\cw\cw\debug\cw.obj
f:\projects\university\3 курс (2021-2022)\1 семестър\практикум оп\курсова задача\cw\cw\debug\cmytriangle.obj
f:\projects\university\3 курс (2021-2022)\1 семестър\практикум оп\курсова задача\cw\cw\debug\cmyrectangle.obj
f:\projects\university\3 курс (2021-2022)\1 семестър\практикум оп\курсова задача\cw\cw\debug\cshape.obj
f:\projects\university\3 курс (2021-2022)\1 семестър\практикум оп\курсова задача\cw\cw\debug\mainfrm.obj
f:\projects\university\3 курс (2021-2022)\1 семестър\практикум оп\курсова задача\cw\debug\cw.exe
f:\projects\university\3 курс (2021-2022)\1 семестър\практикум оп\курсова задача\cw\cw\debug\cw.ilk
f:\projects\university\3 курс (2021-2022)\1 семестър\практикум оп\курсова задача\cw\debug\cw.pdb
f:\projects\university\3 курс (2021-2022)\1 семестър\практикум оп\курсова задача\cw\cw\debug\cw.res
f:\projects\university\3 курс (2021-2022)\1 семестър\практикум оп\курсова задача\cw\cw\debug\cw.tlog\cl.command.1.tlog
f:\projects\university\3 курс (2021-2022)\1 семестър\практикум оп\курсова задача\cw\cw\debug\cw.tlog\cl.read.1.tlog
f:\projects\university\3 курс (2021-2022)\1 семестър\практикум оп\курсова задача\cw\cw\debug\cw.tlog\cl.write.1.tlog
f:\projects\university\3 курс (2021-2022)\1 семестър\практикум оп\курсова задача\cw\cw\debug\cw.tlog\link.command.1.tlog
f:\projects\university\3 курс (2021-2022)\1 семестър\практикум оп\курсова задача\cw\cw\debug\cw.tlog\link.read.1.tlog
f:\projects\university\3 курс (2021-2022)\1 семестър\практикум оп\курсова задача\cw\cw\debug\cw.tlog\link.write.1.tlog
f:\projects\university\3 курс (2021-2022)\1 семестър\практикум оп\курсова задача\cw\cw\debug\cw.tlog\rc.command.1.tlog
f:\projects\university\3 курс (2021-2022)\1 семестър\практикум оп\курсова задача\cw\cw\debug\cw.tlog\rc.read.1.tlog
f:\projects\university\3 курс (2021-2022)\1 семестър\практикум оп\курсова задача\cw\cw\debug\cw.tlog\rc.write.1.tlog
